2023-05-18 12:24:39,471 INFO o.h.v.i.u.Version [background-preinit] HV000001: Hibernate Validator 8.0.0.Final
2023-05-18 12:24:39,519 INFO o.s.b.StartupInfoLogger [restartedMain] Starting TaskManagerApplication using Java 17.0.2 with PID 2980 (C:\Users\eddie\Desktop\taskmanager\target\classes started by eddie in C:\Users\eddie\Desktop\taskmanager)
2023-05-18 12:24:39,524 INFO o.s.b.SpringApplication [restartedMain] No active profile set, falling back to 1 default profile: "default"
2023-05-18 12:24:39,884 INFO o.s.b.l.DeferredLog [restartedMain] Devtools property defaults active! Set 'spring.devtools.add-properties' to 'false' to disable
2023-05-18 12:24:39,885 INFO o.s.b.l.DeferredLog [restartedMain] For additional web related logging consider setting the 'logging.level.web' property to 'DEBUG'
2023-05-18 12:24:40,969 INFO o.s.d.r.c.RepositoryConfigurationDelegate [restartedMain] Multiple Spring Data modules found, entering strict repository configuration mode
2023-05-18 12:24:40,971 INFO o.s.d.r.c.RepositoryConfigurationDelegate [restartedMain] Bootstrapping Spring Data JDBC repositories in DEFAULT mode.
2023-05-18 12:24:41,022 INFO o.s.d.r.c.RepositoryConfigurationExtensionSupport [restartedMain] Spring Data JDBC - Could not safely identify store assignment for repository candidate interface com.dobysh.taskmanager.repository.ProjectRepository; If you want this repository to be a JDBC repository, consider annotating your entities with one of these annotations: org.springframework.data.relational.core.mapping.Table.
2023-05-18 12:24:41,024 INFO o.s.d.r.c.RepositoryConfigurationExtensionSupport [restartedMain] Spring Data JDBC - Could not safely identify store assignment for repository candidate interface com.dobysh.taskmanager.repository.TaskRepository; If you want this repository to be a JDBC repository, consider annotating your entities with one of these annotations: org.springframework.data.relational.core.mapping.Table.
2023-05-18 12:24:41,025 INFO o.s.d.r.c.RepositoryConfigurationExtensionSupport [restartedMain] Spring Data JDBC - Could not safely identify store assignment for repository candidate interface com.dobysh.taskmanager.repository.UserRepository; If you want this repository to be a JDBC repository, consider annotating your entities with one of these annotations: org.springframework.data.relational.core.mapping.Table.
2023-05-18 12:24:41,026 INFO o.s.d.r.c.RepositoryConfigurationDelegate [restartedMain] Finished Spring Data repository scanning in 50 ms. Found 0 JDBC repository interfaces.
2023-05-18 12:24:41,038 INFO o.s.d.r.c.RepositoryConfigurationDelegate [restartedMain] Multiple Spring Data modules found, entering strict repository configuration mode
2023-05-18 12:24:41,039 INFO o.s.d.r.c.RepositoryConfigurationDelegate [restartedMain] Bootstrapping Spring Data JPA repositories in DEFAULT mode.
2023-05-18 12:24:41,086 INFO o.s.d.r.c.RepositoryConfigurationDelegate [restartedMain] Finished Spring Data repository scanning in 41 ms. Found 3 JPA repository interfaces.
2023-05-18 12:24:41,861 INFO o.s.b.w.e.t.TomcatWebServer [restartedMain] Tomcat initialized with port(s): 8080 (http)
2023-05-18 12:24:41,874 INFO o.a.j.l.DirectJDKLog [restartedMain] Initializing ProtocolHandler ["http-nio-8080"]
2023-05-18 12:24:41,876 INFO o.a.j.l.DirectJDKLog [restartedMain] Starting service [Tomcat]
2023-05-18 12:24:41,876 INFO o.a.j.l.DirectJDKLog [restartedMain] Starting Servlet engine: [Apache Tomcat/10.1.5]
2023-05-18 12:24:41,990 INFO o.a.j.l.DirectJDKLog [restartedMain] Initializing Spring embedded WebApplicationContext
2023-05-18 12:24:41,990 INFO o.s.b.w.s.c.ServletWebServerApplicationContext [restartedMain] Root WebApplicationContext: initialization completed in 2104 ms
2023-05-18 12:24:42,207 INFO o.h.j.i.u.LogHelper [restartedMain] HHH000204: Processing PersistenceUnitInfo [name: default]
2023-05-18 12:24:42,277 INFO o.h.Version [restartedMain] HHH000412: Hibernate ORM core version 6.1.6.Final
2023-05-18 12:24:42,491 WARN o.h.b.i.MetadataBuilderImpl$MetadataBuildingOptionsImpl [restartedMain] HHH90000021: Encountered deprecated setting [javax.persistence.sharedCache.mode], use [jakarta.persistence.sharedCache.mode] instead
2023-05-18 12:24:42,646 INFO c.z.h.HikariDataSource [restartedMain] HikariPool-1 - Starting...
2023-05-18 12:24:42,858 INFO c.z.h.p.HikariPool [restartedMain] HikariPool-1 - Added connection org.postgresql.jdbc.PgConnection@6b48fecc
2023-05-18 12:24:42,860 INFO c.z.h.HikariDataSource [restartedMain] HikariPool-1 - Start completed.
2023-05-18 12:24:42,923 INFO o.h.e.j.d.i.DialectFactoryImpl [restartedMain] HHH000400: Using dialect: org.hibernate.dialect.PostgreSQLDialect
2023-05-18 12:24:43,157 WARN o.h.b.i.InFlightMetadataCollectorImpl [restartedMain] HHH000069: Duplicate generator name default_gen
2023-05-18 12:24:43,164 WARN o.h.b.i.InFlightMetadataCollectorImpl [restartedMain] HHH000069: Duplicate generator name default_gen
2023-05-18 12:24:44,379 INFO o.h.e.t.j.p.i.JtaPlatformInitiator [restartedMain] HHH000490: Using JtaPlatform implementation: [org.hibernate.engine.transaction.jta.platform.internal.NoJtaPlatform]
2023-05-18 12:24:44,392 INFO o.s.o.j.AbstractEntityManagerFactoryBean [restartedMain] Initialized JPA EntityManagerFactory for persistence unit 'default'
2023-05-18 12:24:45,839 WARN o.s.b.a.o.j.JpaBaseConfiguration$JpaWebConfiguration [restartedMain] spring.jpa.open-in-view is enabled by default. Therefore, database queries may be performed during view rendering. Explicitly configure spring.jpa.open-in-view to disable this warning
2023-05-18 12:24:47,198 INFO o.s.s.w.DefaultSecurityFilterChain [restartedMain] Will secure any request with [org.springframework.security.web.session.DisableEncodeUrlFilter@1d98d573, org.springframework.security.web.context.request.async.WebAsyncManagerIntegrationFilter@42690457, org.springframework.security.web.context.SecurityContextHolderFilter@3121d4fe, org.springframework.security.web.header.HeaderWriterFilter@25b24b16, org.springframework.security.web.authentication.logout.LogoutFilter@1aaa81fd, org.springframework.security.web.authentication.UsernamePasswordAuthenticationFilter@6c5b86fb, org.springframework.security.web.savedrequest.RequestCacheAwareFilter@1567b77c, org.springframework.security.web.servletapi.SecurityContextHolderAwareRequestFilter@5140870e, org.springframework.security.web.authentication.AnonymousAuthenticationFilter@72353ebf, org.springframework.security.web.access.ExceptionTranslationFilter@78e7fb85, org.springframework.security.web.access.intercept.AuthorizationFilter@368d347b]
2023-05-18 12:24:47,691 INFO o.q.i.StdSchedulerFactory [restartedMain] Using default implementation for ThreadExecutor
2023-05-18 12:24:47,714 INFO o.q.c.SchedulerSignalerImpl [restartedMain] Initialized Scheduler Signaller of type: class org.quartz.core.SchedulerSignalerImpl
2023-05-18 12:24:47,715 INFO o.q.c.QuartzScheduler [restartedMain] Quartz Scheduler v.2.3.2 created.
2023-05-18 12:24:47,717 INFO o.q.s.RAMJobStore [restartedMain] RAMJobStore initialized.
2023-05-18 12:24:47,718 INFO o.q.c.QuartzScheduler [restartedMain] Scheduler meta-data: Quartz Scheduler (v2.3.2) 'quartzScheduler' with instanceId 'NON_CLUSTERED'
  Scheduler class: 'org.quartz.core.QuartzScheduler' - running locally.
  NOT STARTED.
  Currently in standby mode.
  Number of jobs executed: 0
  Using thread pool 'org.quartz.simpl.SimpleThreadPool' - with 10 threads.
  Using job-store 'org.quartz.simpl.RAMJobStore' - which does not support persistence. and is not clustered.

2023-05-18 12:24:47,719 INFO o.q.i.StdSchedulerFactory [restartedMain] Quartz scheduler 'quartzScheduler' initialized from an externally provided properties instance.
2023-05-18 12:24:47,719 INFO o.q.i.StdSchedulerFactory [restartedMain] Quartz scheduler version: 2.3.2
2023-05-18 12:24:47,719 INFO o.q.c.QuartzScheduler [restartedMain] JobFactory set to: org.springframework.scheduling.quartz.SpringBeanJobFactory@fa81da9
2023-05-18 12:24:47,784 INFO o.s.b.d.a.OptionalLiveReloadServer [restartedMain] LiveReload server is running on port 35729
2023-05-18 12:24:47,811 INFO o.a.j.l.DirectJDKLog [restartedMain] Starting ProtocolHandler ["http-nio-8080"]
2023-05-18 12:24:47,838 INFO o.s.b.w.e.t.TomcatWebServer [restartedMain] Tomcat started on port(s): 8080 (http) with context path ''
2023-05-18 12:24:47,840 INFO o.s.s.q.SchedulerFactoryBean [restartedMain] Starting Quartz Scheduler now
2023-05-18 12:24:47,840 INFO o.q.c.QuartzScheduler [restartedMain] Scheduler quartzScheduler_$_NON_CLUSTERED started.
2023-05-18 12:24:47,856 INFO o.s.b.StartupInfoLogger [restartedMain] Started TaskManagerApplication in 8.799 seconds (process running for 10.553)
2023-05-18 12:25:10,785 INFO c.d.t.c.MailScheduler [scheduling-1] Планировщик работает!
2023-05-18 12:25:19,207 INFO o.q.c.QuartzScheduler [SpringApplicationShutdownHook] Scheduler quartzScheduler_$_NON_CLUSTERED paused.
2023-05-18 12:25:19,232 INFO o.s.s.q.SchedulerFactoryBean [SpringApplicationShutdownHook] Shutting down Quartz Scheduler
2023-05-18 12:25:19,232 INFO o.q.c.QuartzScheduler [SpringApplicationShutdownHook] Scheduler quartzScheduler_$_NON_CLUSTERED shutting down.
2023-05-18 12:25:19,233 INFO o.q.c.QuartzScheduler [SpringApplicationShutdownHook] Scheduler quartzScheduler_$_NON_CLUSTERED paused.
2023-05-18 12:25:19,233 INFO o.q.c.QuartzScheduler [SpringApplicationShutdownHook] Scheduler quartzScheduler_$_NON_CLUSTERED shutdown complete.
2023-05-18 12:25:19,236 INFO o.s.o.j.AbstractEntityManagerFactoryBean [SpringApplicationShutdownHook] Closing JPA EntityManagerFactory for persistence unit 'default'
2023-05-18 12:25:19,241 INFO c.z.h.HikariDataSource [SpringApplicationShutdownHook] HikariPool-1 - Shutdown initiated...
2023-05-18 12:25:19,246 INFO c.z.h.HikariDataSource [SpringApplicationShutdownHook] HikariPool-1 - Shutdown completed.
